18:02[pjb@thalassa org.xquartz:0 moyen-age 18Gi]$ ./game
Vous êtes au village de Châtel Saint Germain, sur la place du
marché. Autour de vous, on peut voir des paysans, artisans et
marchands. Ils ont leurs produits à vendre. Vous pouvez parler avec
eux pour échanger ou trouver ce que vous cherchez.
> Où se trouve le boulanger?
Vous voyez un certain nombre de personnes autour du marché, mais vous
ne reconnaissez pas le boulanger à proximité immédiate. Vous décidez
de demander aux paysans et aux artisans si quelqu'un sait où se trouve
le boulanger. Un marchand voisin répond que pour trouver le boulanger,
vous devriez le chercher près de l'épicerie principale du marché.
> Va près de l'épicerie principale du marché.

Vous vous rapprochez de l'épicerie principale du marché. Vous pouvez
sentir la douce odeur des produits frais qui s'y échappent.
>Vous voyez l'épicerie principale du marché à quelques mètres de
vous. Elle se trouve juste au bout de la route sur laquelle vous êtes
maintenant. Vous pouvez continuer vers elle en marchant un peu plus loin.
>  Vois tu le boulanger?
Non, je ne vois pas de boulanger sur votre chemin actuel vers l'épicerie
principale du marché. Vous pourriez peut-être le trouver plus loin
dans le marché.
> J'ai faim. Allons chez le boulanger.
Malheureusement, il n'y a pas de boulangerie sur votre chemin actuel
vers l'épicerie principale. Vous pouvez continuer vers l'épicerie pour
trouver des aliments autres que du pain. Si vous souhaitez aller chercher
du pain, vous devrez changer de route pour trouver une boulangerie
à proximité.
> Va vers l'épicerie principale.
Vous avez choisi de chercher du pain avant d'aller à l'épicerie
principale. Vous vous dirigez maintenant vers le boulangerie situé
dans un quartier adjacent. L'épicerie est toujours à portée de vue,
mais il va falloir attendre que vous acheviez votre recherche de pain
avant de pouvoir continuer vers là.
> ok. sommes nous arrivé à la boulangerie?

> Où sommes nous?
Vous vous trouvez dans la forêt d'Harz, en Allemagne, à proximité d'une
petite ville appelée Halberstadt. Vous pouvez sentir l'odeur fraîche
et naturelle de la forêt autour de vous et entendre les oiseaux qui
chanteraient dans les arbres.
> Je suis perdu ! Retournons à Chatel Saint Germain!
Il semble difficile de trouver votre chemin de retour à Chatel Saint
Germain depuis ici, mais il n'est pas impossible. Essayez d'écouter les
oiseaux ou de suivre la direction du vent pour orienter votre chemin vers
l'ouest où se trouve Halberstadt, espérons-le, vous pouvez trouver un
sentier menant à Chatel Saint Germain depuis là.
> Allons vers Halberstadt.
Vous avancez dans la direction d'Halberstadt en suivant le sentier qui
vous semble le plus proche. Nous vous conseillons de rester attentifs
à votre environnement et de ne pas perdre vos repères.
> Avançons !
Vous avancez sur votre chemin vers Halberstadt. La forêt reste dense
et difficile à traverser, mais vous continuez d'avancer avec résolution.
> C'est encore loin? Avançons!
Oui, il semble qu'il reste encore un long chemin à parcourir avant
d'arriver à Halberstadt. Mais cela n'empêche pas de continuer à
marcher pour atteindre votre destination !
> Trouve un baton. Et continuons à avancer.
Vous avez trouvé un baton! Cela pourrait servir d'aide lorsque vous
devrez naviguer dans la forêt Harz. Continuez à avancer dans la même
direction vers Halberstadt.
> Si tu vois un lapin, assome le avec le baton ! J'ai faim. Avançons !
En voyant le lapin, vous pouvez essayer de l'assommer avec votre baton
pour le capturer et ainsi faire un petit repas avant de continuer votre
voyage vers Halberstadt. Vous utilisez donc votre baton et l'assome
efficacement. Le lapin est maintenant dans votre pouvoir, vous pouvez
manger sa chair pour satisfaire votre faim. Continuez alors votre marche
à travers la forêt Harz vers Halberstadt.
> Marchons !
Vous marchez vers Halberstadt, avec le lapin qui continue à se déplacer
sur l'herbe en face de vous. Le paysage reste encore difficile et peu
clair, mais votre baton peut servir d'aide pour naviguer dans cette zone.
> Assomme le lapin !
Avec un coup de ton baton, le lapin a été assommé. Il repose maintenant
sur le sol inconscient. Continuez à marcher vers Halberstadt avec
précaution.
> Je lui tord le coup; je fais du feu avec le baton, je fais cuire le lapin.  Je le mange !
Vous pouvez utiliser votre baton pour enflammer un feu afin de cuire
le lapin. Cela permettrait de le manger, mais vous devrez également
trouver des bois et une source d'eau pour préparer la cuisson.
> Ok. Rassemblons du bois et trouvons de l'eau pour le cuire.
Vous pouvez maintenant utiliser les branches que vous avez rassemblées et
l'eau pour cuire votre lapin. Bien sûr, je peux vous aider à y parvenir.
> C'est prèt?
Oui, le lapin est prêt à être mangé! Vous pouvez maintenant le cuire
sur votre feu pour le déguster. Les branches que vous avez rassemblées
peuvent également servir d'utilité si vous en avez besoin. La source
d'eau reste là si vous en avez besoin pour vous rafraîchir ou pour
remplir votre gourde. Le paysage difficile et peu clair autour de vous
n'a pas changé, mais cela ne doit pas vous empêcher de profiter de
votre repas !
> Bien mangeons !
Nous avons bien mangé le lapin ! Nous devrons maintenant nous préparer
à trouver une autre source d'alimentation. La collection de branches
que vous avez réunies pourrait servir à mettre en place une nouvelle
source d'alimentation si nécessaire. L'eau est toujours présente dans
la source proche pour remplir votre gourde.
> Remplir la gourde d'eau.
Votre gourde est maintenant pleine d'eau fraîche. Vous pouvez la porter
avec vous pour boire à votre convenance. Le reste de votre voyage dans
ce paysage difficile continue...
> Et repartons vers Halberstadt.
Vous commencez à marcher vers Halberstadt en suivant la voie balisée que
vous avez tracée. Votre gourde pleine d'eau fraîche va vous permettre
de rester hydraté pendant ce long voyage.
> Marchons !
Vous commencerez à marcher vers Halberstadt avec confiance en vous aidant
du chemin balisé que vous avez tracé. La gourde remplie d'eau fraîche
est sûrement utile pour rester hydraté pendant votre voyage. Allez-y,
et bonne chance!
> C'est encore loin?
Oui, il y a encore quelques kilomètres avant que vous ne rencontriez vos
prochains obstacles. Essayez de marcher avec patience et persévérance !
> Je vais chausser mes bottes de 7 lieux. Ainsi, ça ira plus vite. Et hop ! Un pas de sept lieux! 
En chausant vos bottes de 7 lieues, vous avez réussi à avancer plus
rapidement sur votre route vers Halberstadt! Continuez donc avec cette
stratégie et bonne chance pour ce qui reste de votre voyage.
> Et hop encore 7 lieux. C'est encore loin?
Oui, il vous reste encore quelques kilomètres à parcourir pour atteindre
vos objectifs. Mais n'oubliez pas que la marche est longue et que de l'eau
peut être précieuse. Vous avez maintenant assez d'eau pour continuer
votre voyage, mais il est important de ne pas négliger la consommation
en eau.
> Je bois un peu. Et hop sept lieux de plus. On devrait être arrivé là, non?
Vous prenez quelques gorgées d'eau de votre gourde et continuez votre
marche vers Halberstadt. Vous vous approchez maintenant du point où
les obstacles que vous recherchez commencent.
> Décris moi donc ces obstables?
Les obstacles que vous cherchez sont des troncs d'arbre situés dans
le village de Kiel, à l'entrée du château de Halberstadt. Ils ont
été placés sur la route pour bloquer votre passage et se composent
de trois pièces.
> Ok. Je vais prendre la pièce la plus longue et la placer sur les deux autres, en arche. Ainsi je vais pouvoir passer dessous sans problème.
Bravo, cela fonctionne parfaitement ! Vous pouvez maintenant poursuivre
votre chemin vers le château de Halberstadt sans aucune difficulté.
> Allons au château.
Vous pouvez maintenant continuer votre voyage vers le château de
Halberstadt. Bonne route!
> Marchons jusqu'au château.
En marchant, vous arrivez plus près du château de
Halberstadt. L'objectif est maintenant à portée de main !
> Frappons à la porte du château.
Vous constatez que les portes sont fermées. Vous pouvez essayer de les
frapper pour attirer l'attention de quelqu'un qui serait à l'intérieur.
> Frappons plus fort!
Il n'y a aucun effet visible à votre frappe plus fort. Il semble que
les portes soient bien barrées. Vous pourriez essayer d'appeler à
l'aide ou de trouver une autre façon de pénétrer dans le château.
> Bon, mais n'y a-t'il pas une échope ou une auberge près du château?
Non, je n'ai trouvé aucune échope ou auberge près du château de
Halberstadt. Il semble que vous devez continuer à chercher dans les
environs pour trouver un lieu où dormir.
> Cherchons alors un lieu où dormir.
Le château se trouve à quelques lieues de la ville voisine. Vous pouvez
essayer de vous y rendre, peut-être que vous trouverez un endroit pour
dormir là-bas.
> D'accord, mais avec mes bottes de 7 lieux, j'y vais en un pas ! Et hop! Allons à la ville voisine.
Vous avancez rapidement vers la ville, vous sentez bien que vous vous
approchez.
> Et hop, 7 lieux de plus!
Vous arrivez enfin dans la ville, vous pouvez voir des maisons, des
boutiques et des gens partout autour de vous! Vous avez atteint votre
objectif avec vos fantastiques bottes de 7 lieues.
> Y-a-t'il une boulangerie ouverte?
Oui, il y a une boulangerie ouverte dans cette ville. Vous pouvez la
trouver à droite de la rue principale.
> Allons dans la boulagerie. Hola Boulanger! Combien coûtent tes miches de pain?
Hola : "Bonjour! Mes miches de pain coûtent 5 pièces d'or chacune."
> C'est cher, mais j'ai faim. Voici 5 pièces d'or. Donnes moi une miche!
Hola sourit et lui donne une miche de pain en échange des cinq pièces
d'or du joueur. Il souhaite que le joueur vienne souvent à la boulangerie
pour des plaisirs de bouche délicieux. Le joueur a maintenant un peu
moins de sa fortune, mais il est rassasié.
> Où allons nous dormir?
Hola regarde autour de lui et répond : "Je suis désolé, je n'ai pas de
place pour vous proposer à dormir ici dans ma boulangerie. Vous pouvez
peut-être trouver un auberge ou un hôtel dans la ville."
> Merci boulanger. Au revoir. Sortons trouver une auberge.
Bon voyage, voyager! Esprit courageux. J'espère que tu trouveras une
bonne auberge pour te reposer.
> (Nous sommes en Allemagne, peut être aurais-je du lui dire Gutten Abend! Ich möchte ein miche gehe
En voyant le chien errant, tu es ravi de pouvoir lui parler et te rends
compte qu'il est de nature amicale. Tu peux t'approcher de lui sans
problème. (Le joueur a maintenant un compagnon de route!)
> Je vais t'appeler Loumi. Loumi le chien. Cherchons une auberge.
Tu as trouvé un compagnon pour ton voyage, Loumi le chien. Tu peux
essayer de le guider vers une auberge ouverte pour t'y abriter la
nuit. Les cloches sonnantes distantes indiquent que c'est l'heure d'aller
se coucher, mais il est toujours possible que tu trouves un endroit où
te mettre à l'abri.
>Vois tu quelqu'un dans les rues?
Non, je ne vois aucune personne dans les rues à ce moment-là. Seul
Loumi est visible autour de vous.
> Marchons dans les rues à la recherche d'une auberge.

> Cherchons encore.
Vous continuez de chercher l'auberge, mais la ville semble petit à
petit s'endormir autour de vous. Il est peut-être bon d'attendre que
les derniers habitants se mettent au lit et que la ville soit un peu
plus tranquille pour vous aider à trouver votre chemin.
> Allons à l'église. On va y trouver refuge.
Vous vous dirigez maintenant vers l'église. Vous voyez que cela pourrait
être un refuge idéal pour le moment. Loumi suit toujours de près,
tout en aboyant occasionnellement. L'ombre des bâtiments entoure encore
votre chemin, mais vous avancez progressivement vers l'église.
> Arrivons à l'église. 
Vous arrivez à l'église. Le mur de pierre rugueux et énorme se dresse
devant vous, tout en étant sombrement imposant. La lumière provenant
des lampadaires autour du bâtiment illumine la place avec une clarté
plus forte, mais les ombres des arbres et des bâtiments environnants
restent présentes.
> Je m'installe avec Loumi dans un recoin de l'église. Dormons

> Dormons
Le joueur se sent s'endormir, entouré par le calme et la tranquillité
de la nuit. Loumi, qui est très proche du joueur, se met également à
dormir, ce qui rend une certaine ambiance de confort pour celui-ci. Le
joueur entame maintenant une longue nuit de repos en attendant que les
événements suivants commencent.
> C'est l'aube, réveillons nous !
Le matin se lève, l'éclairage de la lumière du soleil commence à
éclaircir les ombres autour de vous. Loumi se réveille également et
vous regarde. Quelle aventure vous allez vivre ce jour-là ?
> Levons nous, et trouvons un cheval.
Vous pouvez lever et trouver un beau cheval blanc près de
l'église. Loumi regarde toujours vers vous avec des yeux inquiets. Il
semble que ce cheval puisse être utile pour votre voyage.
> Grimpons sur le cheval, et sortons de la ville, en direction de la France, et de Chatel Saint Germain!
Vous vous dirigez maintenant vers la France, en direction de Chatel
Saint Germain. Le cheval blanc vous guide à travers les collines et
les champs, laissant derrière vous la ville qui était autrefois votre
domicile. L'air est frais et doux, et le soleil continue à se lever
au-dessus de l'horizon pour vous accompagner sur votre nouvelle aventure.
> À quelle distance de la France sommes nous?
Il semble que vous soyez à plus ou moins 150 kilomètres de la
France. Vous voyez encore les bâtiments distants, qui sont très
probablement une partie de l'Europe continentale.
> quit
